# JRE version: OpenJDK Runtime Environment (11.0.12+7) (build 11.0.12+7-b1504.28-7817840)
# Java VM: OpenJDK 64-Bit Server VM (11.0.12+7-b1504.28-7817840, mixed mode, tiered, compressed oops, g1 gc, windows-amd64)
Heap:
 garbage-first heap   total 311296K, used 106353K [0x0000000704400000, 0x0000000800000000)
  region size 1024K, 78 young (79872K), 20 survivors (20480K)
 Metaspace       used 64317K, capacity 65102K, committed 65496K, reserved 1107968K
  class space    used 7182K, capacity 7497K, committed 7640K, reserved 1048576K
GC Heap History (12 events):
Event: 0.382 GC heap before
{Heap before GC invocations=0 (full 0):
 garbage-first heap   total 258048K, used 27648K [0x0000000704400000, 0x0000000800000000)
  region size 1024K, 24 young (24576K), 0 survivors (0K)
 Metaspace       used 12185K, capacity 12254K, committed 12416K, reserved 1060864K
  class space    used 1106K, capacity 1145K, committed 1152K, reserved 1048576K
}
Event: 0.384 GC heap after
{Heap after GC invocations=1 (full 0):
 garbage-first heap   total 258048K, used 6362K [0x0000000704400000, 0x0000000800000000)
  region size 1024K, 3 young (3072K), 3 survivors (3072K)
 Metaspace       used 12185K, capacity 12254K, committed 12416K, reserved 1060864K
  class space    used 1106K, capacity 1145K, committed 1152K, reserved 1048576K
}
Event: 0.840 GC heap before
{Heap before GC invocations=1 (full 0):
 garbage-first heap   total 258048K, used 43226K [0x0000000704400000, 0x0000000800000000)
  region size 1024K, 40 young (40960K), 3 survivors (3072K)
 Metaspace       used 20830K, capacity 21051K, committed 21248K, reserved 1069056K
  class space    used 2218K, capacity 2278K, committed 2304K, reserved 1048576K
}
Event: 0.849 GC heap after
{Heap after GC invocations=2 (full 0):
 garbage-first heap   total 258048K, used 9827K [0x0000000704400000, 0x0000000800000000)
  region size 1024K, 7 young (7168K), 7 survivors (7168K)
 Metaspace       used 20830K, capacity 21051K, committed 21248K, reserved 1069056K
  class space    used 2218K, capacity 2278K, committed 2304K, reserved 1048576K
}
Event: 1.559 GC heap before
{Heap before GC invocations=3 (full 0):
 garbage-first heap   total 258048K, used 66147K [0x0000000704400000, 0x0000000800000000)
  region size 1024K, 57 young (58368K), 7 survivors (7168K)
 Metaspace       used 32652K, capacity 33178K, committed 33280K, reserved 1079296K
  class space    used 4091K, capacity 4292K, committed 4352K, reserved 1048576K
}
Event: 1.568 GC heap after
{Heap after GC invocations=4 (full 0):
 garbage-first heap   total 258048K, used 21373K [0x0000000704400000, 0x0000000800000000)
  region size 1024K, 8 young (8192K), 8 survivors (8192K)
 Metaspace       used 32652K, capacity 33178K, committed 33280K, reserved 1079296K
  class space    used 4091K, capacity 4292K, committed 4352K, reserved 1048576K
}
Event: 1.684 GC heap before
{Heap before GC invocations=4 (full 0):
 garbage-first heap   total 258048K, used 30589K [0x0000000704400000, 0x0000000800000000)
  region size 1024K, 18 young (18432K), 8 survivors (8192K)
 Metaspace       used 34998K, capacity 35487K, committed 35584K, reserved 1081344K
  class space    used 4353K, capacity 4550K, committed 4608K, reserved 1048576K
}
Event: 1.696 GC heap after
{Heap after GC invocations=5 (full 0):
 garbage-first heap   total 258048K, used 22996K [0x0000000704400000, 0x0000000800000000)
  region size 1024K, 2 young (2048K), 2 survivors (2048K)
 Metaspace       used 34998K, capacity 35487K, committed 35584K, reserved 1081344K
  class space    used 4353K, capacity 4550K, committed 4608K, reserved 1048576K
}
Event: 2.637 GC heap before
{Heap before GC invocations=6 (full 0):
 garbage-first heap   total 258048K, used 89556K [0x0000000704400000, 0x0000000800000000)
  region size 1024K, 66 young (67584K), 2 survivors (2048K)
 Metaspace       used 48187K, capacity 48707K, committed 49024K, reserved 1091584K
  class space    used 5727K, capacity 5921K, committed 6016K, reserved 1048576K
}
Event: 2.644 GC heap after
{Heap after GC invocations=7 (full 0):
 garbage-first heap   total 311296K, used 28967K [0x0000000704400000, 0x0000000800000000)
  region size 1024K, 8 young (8192K), 8 survivors (8192K)
 Metaspace       used 48187K, capacity 48707K, committed 49024K, reserved 1091584K
  class space    used 5727K, capacity 5921K, committed 6016K, reserved 1048576K
}
Event: 4.979 GC heap before
{Heap before GC invocations=7 (full 0):
 garbage-first heap   total 311296K, used 178471K [0x0000000704400000, 0x0000000800000000)
  region size 1024K, 154 young (157696K), 8 survivors (8192K)
 Metaspace       used 58913K, capacity 59604K, committed 59736K, reserved 1101824K
  class space    used 6655K, capacity 6930K, committed 7000K, reserved 1048576K
}
Event: 5.054 GC heap after
{Heap after GC invocations=8 (full 0):
 garbage-first heap   total 311296K, used 46961K [0x0000000704400000, 0x0000000800000000)
  region size 1024K, 20 young (20480K), 20 survivors (20480K)
 Metaspace       used 58913K, capacity 59604K, committed 59736K, reserved 1101824K
  class space    used 6655K, capacity 6930K, committed 7000K, reserved 1048576K
}

